<?xml version="1.0" encoding="UTF-8"?>
<!-- Generated by org.testng.reporters.JUnitReportReporter -->
<testsuite hostname="Sam-Personal" failures="0" tests="1" name="com.QStock.test.BatchWorkOrderPageTest" time="348.728" errors="0" timestamp="2022-11-18T20:44:00 IST" skipped="0">
  <testcase classname="com.QStock.test.BatchWorkOrderPageTest" name="WorkOrderPageAutomationtest" time="348.728"/>
  <system-out/>
</testsuite> <!-- com.QStock.test.BatchWorkOrderPageTest -->
