<?xml version="1.0" encoding="UTF-8"?>
<!-- Generated by org.testng.reporters.JUnitReportReporter -->
<testsuite hostname="Sam-Personal" failures="0" tests="1" name="com.QStock.test.importOrderPageTest" time="38.884" errors="0" timestamp="2022-10-28T13:15:38 IST" skipped="0">
  <testcase classname="com.QStock.test.importOrderPageTest" name="InventoryModule" time="38.884"/>
  <system-out/>
</testsuite> <!-- com.QStock.test.importOrderPageTest -->
