<?xml version="1.0" encoding="UTF-8"?>
<!-- Generated by org.testng.reporters.JUnitReportReporter -->
<testsuite hostname="Sam-Personal" failures="0" tests="1" name="com.QStock.test.LoginPageTest" time="19.233" errors="0" timestamp="2022-12-07T16:11:29 IST" skipped="0">
  <testcase classname="com.QStock.test.LoginPageTest" name="LoginModule" time="19.233"/>
  <system-out/>
</testsuite> <!-- com.QStock.test.LoginPageTest -->
