<?xml version="1.0" encoding="UTF-8"?>
<!-- Generated by org.testng.reporters.JUnitReportReporter -->
<testsuite hostname="Sam-Personal" failures="0" tests="1" name="com.QStock.test.ServiceTitanInvoicePageTest" time="390.771" errors="0" timestamp="2022-10-28T13:22:34 IST" skipped="0">
  <testcase classname="com.QStock.test.ServiceTitanInvoicePageTest" name="OrdermanagementServiceTitan" time="390.771"/>
  <system-out/>
</testsuite> <!-- com.QStock.test.ServiceTitanInvoicePageTest -->
