<?xml version="1.0" encoding="UTF-8"?>
<!-- Generated by org.testng.reporters.JUnitReportReporter -->
<testsuite hostname="Sam-Personal" failures="0" tests="1" name="com.QStock.test.BatchWorkOrdersPageTest" time="255.480" errors="0" timestamp="2023-01-10T18:27:32 IST" skipped="0">
  <testcase classname="com.QStock.test.BatchWorkOrdersPageTest" name="batchWorkOrders" time="255.480"/>
  <system-out/>
</testsuite> <!-- com.QStock.test.BatchWorkOrdersPageTest -->
