<?xml version="1.0" encoding="UTF-8"?>
<!-- Generated by org.testng.reporters.JUnitReportReporter -->
<testsuite hostname="Sam-Personal" failures="0" tests="1" name="com.QStock.test.InventoryPageTest" time="27.195" errors="0" timestamp="2022-10-19T23:40:33 IST" skipped="0">
  <testcase classname="com.QStock.test.InventoryPageTest" name="InventoryModule" time="27.195"/>
  <system-out/>
</testsuite> <!-- com.QStock.test.InventoryPageTest -->
