<?xml version="1.0" encoding="UTF-8"?>
<!-- Generated by org.testng.reporters.JUnitReportReporter -->
<testsuite hostname="Sam-Personal" failures="0" tests="1" name="com.QStock.test.PurchaseOrderPageTest" time="494.052" errors="0" timestamp="2022-12-07T16:46:23 IST" skipped="0">
  <testcase classname="com.QStock.test.PurchaseOrderPageTest" name="OrdermanagementServiceTitan" time="494.052"/>
  <system-out/>
</testsuite> <!-- com.QStock.test.PurchaseOrderPageTest -->
