<?xml version="1.0" encoding="UTF-8"?>
<!-- Generated by org.testng.reporters.JUnitReportReporter -->
<testsuite hostname="Sam-Personal" failures="0" tests="1" name="com.QStock.test.FixedAssetTransfersPageTest" time="100.135" errors="0" timestamp="2022-10-28T20:22:07 IST" skipped="0">
  <testcase classname="com.QStock.test.FixedAssetTransfersPageTest" name="FixedAssetTransfers" time="100.135"/>
  <system-out/>
</testsuite> <!-- com.QStock.test.FixedAssetTransfersPageTest -->
