<?xml version="1.0" encoding="UTF-8"?>
<!-- Generated by org.testng.reporters.JUnitReportReporter -->
<testsuite hostname="Sam-Personal" failures="0" tests="1" name="com.QStock.test.WorkOrderPageTest" time="348.666" errors="0" timestamp="2022-11-18T19:57:52 IST" skipped="0">
  <testcase classname="com.QStock.test.WorkOrderPageTest" name="WorkOrderPageAutomationtest" time="348.666"/>
  <system-out/>
</testsuite> <!-- com.QStock.test.WorkOrderPageTest -->
