<?xml version="1.0" encoding="UTF-8"?>
<!-- Generated by org.testng.reporters.JUnitReportReporter -->
<testsuite hostname="Sam-Personal" failures="0" tests="1" name="com.QStock.test.WorkOrdersPageTest" time="314.374" errors="0" timestamp="2023-01-10T22:16:56 IST" skipped="0">
  <testcase classname="com.QStock.test.WorkOrdersPageTest" name="workOrders" time="314.374"/>
  <system-out/>
</testsuite> <!-- com.QStock.test.WorkOrdersPageTest -->
