<?xml version="1.0" encoding="UTF-8"?>
<!-- Generated by org.testng.reporters.JUnitReportReporter -->
<testsuite hostname="DESKTOP-M2NN6CV" failures="0" tests="1" name="com.eDermx.Testcases.TC_01" time="0.006" errors="0" timestamp="2022-04-21T14:15:38 IST" skipped="0">
  <testcase classname="com.eDermx.Testcases.TC_01" name="test" time="0.006"/>
  <system-out/>
</testsuite> <!-- com.eDermx.Testcases.TC_01 -->
