<?xml version="1.0" encoding="UTF-8"?>
<!-- Generated by org.testng.reporters.JUnitReportReporter -->
<testsuite hostname="Sam-Personal" failures="0" tests="1" name="com.vision.test.DashboardPageTest" time="177.753" errors="0" timestamp="2022-07-08T16:48:19 IST" skipped="0">
  <testcase classname="com.vision.test.DashboardPageTest" name="dashboardModule" time="177.753"/>
  <system-out/>
</testsuite> <!-- com.vision.test.DashboardPageTest -->
