<?xml version="1.0" encoding="UTF-8"?>
<!-- Generated by org.testng.reporters.JUnitReportReporter -->
<testsuite hostname="LAPTOP-4UAC0B5R" failures="0" tests="7" name="com.eDermx.Test.EDermxEndToEnd" time="211.891" errors="0" timestamp="2022-05-23T16:35:07 IST" skipped="0">
  <testcase classname="com.eDermx.Test.EDermxEndToEnd" name="logInNegative" time="1.939"/>
  <system-out/>
  <testcase classname="com.eDermx.Test.EDermxEndToEnd" name="logInPositive" time="12.183"/>
  <system-out/>
  <testcase classname="com.eDermx.Test.EDermxEndToEnd" name="dashBoard" time="26.324"/>
  <system-out/>
  <testcase classname="com.eDermx.Test.EDermxEndToEnd" name="schedule" time="90.397"/>
  <system-out/>
  <testcase classname="com.eDermx.Test.EDermxEndToEnd" name="patient" time="46.868"/>
  <system-out/>
  <testcase classname="com.eDermx.Test.EDermxEndToEnd" name="Billing" time="30.370"/>
  <system-out/>
  <testcase classname="com.eDermx.Test.EDermxEndToEnd" name="logOut" time="3.810"/>
  <system-out/>
</testsuite> <!-- com.eDermx.Test.EDermxEndToEnd -->
